<?xml version="1.0" encoding="UTF-8"?>
<TestRun id="37adf0f6-43c7-49b0-a0cd-372b1502d5f2" name="occ@LTOCC02 2012-06-21 09:56:12" runUser="TRIVADIS\occ" xmlns="http://microsoft.com/schemas/VisualStudio/TeamTest/2010">
  <TestSettings name="Local" id="724721d2-f82d-4ec4-a0cf-60fd156ab3b3">
    <Description>These are default test settings for a local test run.</Description>
    <Deployment enabled="false" runDeploymentRoot="occ_LTOCC02 2012-06-21 09_56_12">
      <DeploymentItem filename="C:\_HFU\ASP\_Demos\270-Testing\TestDriven.Calculator\TestDriven.Calculator\bin\Debug\TestDriven.Calculator.dll" />
      <DeploymentItem filename="C:\_HFU\ASP\_Demos\270-Testing\TestDriven.Calculator\TestDriven.Calculator.Core\bin\Debug\TestDriven.Calculator.Core.dll" />
    </Deployment>
    <Execution>
      <TestTypeSpecific />
      <AgentRule name="Execution Agents">
      </AgentRule>
    </Execution>
  </TestSettings>
  <Times creation="2012-06-21T09:56:12.4297011+02:00" queuing="2012-06-21T09:56:12.4917011+02:00" start="2012-06-21T09:56:12.4967011+02:00" finish="2012-06-21T09:56:13.0727011+02:00" />
  <ResultSummary outcome="Completed">
    <Counters total="4" executed="4" passed="4" error="0" failed="0" timeout="0" aborted="0" inconclusive="0" passedButRunAborted="0" notRunnable="0" notExecuted="0" disconnected="0" warning="0" completed="0" inProgress="0" pending="0" />
  </ResultSummary>
  <TestDefinitions>
    <UnitTest name="ClearTest" storage="c:\_hfu\asp\_demos\270-testing\testdriven.calculator\testproject1\bin\debug\testproject1.dll" id="4af2ec59-2c8b-14a2-6ed8-28fe73c0773b">
      <Execution id="3fa06b1f-8360-472b-bea9-bbf7bceb0905" />
      <TestMethod codeBase="C:/_HFU/ASP/_Demos/270-Testing/TestDriven.Calculator/TestProject1/bin/Debug/TestProject1.DLL" adapterTypeName="Microsoft.VisualStudio.TestTools.TestTypes.Unit.UnitTestAdapter, Microsoft.VisualStudio.QualityTools.Tips.UnitTest.Adapter, Version=10.0.0.0, Culture=neutral, PublicKeyToken=b03f5f7f11d50a3a" className="TestProject1.CalculatorTest, TestProject1, Version=1.0.0.0, Culture=neutral, PublicKeyToken=null" name="ClearTest" />
    </UnitTest>
    <UnitTest name="CalculatorSubtractionTest" storage="c:\_hfu\asp\_demos\270-testing\testdriven.calculator\testproject1\bin\debug\testproject1.dll" id="f5f57668-1cfb-44c3-8a20-29d5bb10f004">
      <Execution id="4dd8872a-bfbf-47b0-9ed7-f617d50eb438" />
      <TestMethod codeBase="C:/_HFU/ASP/_Demos/270-Testing/TestDriven.Calculator/TestProject1/bin/Debug/TestProject1.DLL" adapterTypeName="Microsoft.VisualStudio.TestTools.TestTypes.Unit.UnitTestAdapter, Microsoft.VisualStudio.QualityTools.Tips.UnitTest.Adapter, Version=10.0.0.0, Culture=neutral, PublicKeyToken=b03f5f7f11d50a3a" className="TestProject1.CalculatorTest, TestProject1, Version=1.0.0.0, Culture=neutral, PublicKeyToken=null" name="CalculatorSubtractionTest" />
    </UnitTest>
    <UnitTest name="CalculatorAdditionTest" storage="c:\_hfu\asp\_demos\270-testing\testdriven.calculator\testproject1\bin\debug\testproject1.dll" id="93aeff83-719d-1073-3b95-44aefb56c5ce">
      <Execution id="8ab9a82f-16ac-4259-a23d-1a6ca25bcad0" />
      <TestMethod codeBase="C:/_HFU/ASP/_Demos/270-Testing/TestDriven.Calculator/TestProject1/bin/Debug/TestProject1.DLL" adapterTypeName="Microsoft.VisualStudio.TestTools.TestTypes.Unit.UnitTestAdapter, Microsoft.VisualStudio.QualityTools.Tips.UnitTest.Adapter, Version=10.0.0.0, Culture=neutral, PublicKeyToken=b03f5f7f11d50a3a" className="TestProject1.CalculatorTest, TestProject1, Version=1.0.0.0, Culture=neutral, PublicKeyToken=null" name="CalculatorAdditionTest" />
    </UnitTest>
    <UnitTest name="CalculatorConstructorTest" storage="c:\_hfu\asp\_demos\270-testing\testdriven.calculator\testproject1\bin\debug\testproject1.dll" id="91666d06-9d44-96d1-460c-6e40fbf20583">
      <Execution id="a869dd04-a0a9-49e9-b499-66fba4bd9b6d" />
      <TestMethod codeBase="C:/_HFU/ASP/_Demos/270-Testing/TestDriven.Calculator/TestProject1/bin/Debug/TestProject1.DLL" adapterTypeName="Microsoft.VisualStudio.TestTools.TestTypes.Unit.UnitTestAdapter, Microsoft.VisualStudio.QualityTools.Tips.UnitTest.Adapter, Version=10.0.0.0, Culture=neutral, PublicKeyToken=b03f5f7f11d50a3a" className="TestProject1.CalculatorTest, TestProject1, Version=1.0.0.0, Culture=neutral, PublicKeyToken=null" name="CalculatorConstructorTest" />
    </UnitTest>
  </TestDefinitions>
  <TestLists>
    <TestList name="Results Not in a List" id="8c84fa94-04c1-424b-9868-57a2d4851a1d" />
    <TestList name="All Loaded Results" id="19431567-8539-422a-85d7-44ee4e166bda" />
  </TestLists>
  <TestEntries>
    <TestEntry testId="4af2ec59-2c8b-14a2-6ed8-28fe73c0773b" executionId="3fa06b1f-8360-472b-bea9-bbf7bceb0905" testListId="8c84fa94-04c1-424b-9868-57a2d4851a1d" />
    <TestEntry testId="91666d06-9d44-96d1-460c-6e40fbf20583" executionId="a869dd04-a0a9-49e9-b499-66fba4bd9b6d" testListId="8c84fa94-04c1-424b-9868-57a2d4851a1d" />
    <TestEntry testId="93aeff83-719d-1073-3b95-44aefb56c5ce" executionId="8ab9a82f-16ac-4259-a23d-1a6ca25bcad0" testListId="8c84fa94-04c1-424b-9868-57a2d4851a1d" />
    <TestEntry testId="f5f57668-1cfb-44c3-8a20-29d5bb10f004" executionId="4dd8872a-bfbf-47b0-9ed7-f617d50eb438" testListId="8c84fa94-04c1-424b-9868-57a2d4851a1d" />
  </TestEntries>
  <Results>
    <UnitTestResult executionId="3fa06b1f-8360-472b-bea9-bbf7bceb0905" testId="4af2ec59-2c8b-14a2-6ed8-28fe73c0773b" testName="ClearTest" computerName="LTOCC02" duration="00:00:00.0147887" startTime="2012-06-21T09:56:12.5007011+02:00" endTime="2012-06-21T09:56:12.6727011+02:00" testType="13cdc9d9-ddb5-4fa4-a97d-d965ccfc6d4b" outcome="Passed" testListId="8c84fa94-04c1-424b-9868-57a2d4851a1d" relativeResultsDirectory="3fa06b1f-8360-472b-bea9-bbf7bceb0905">
    </UnitTestResult>
    <UnitTestResult executionId="a869dd04-a0a9-49e9-b499-66fba4bd9b6d" testId="91666d06-9d44-96d1-460c-6e40fbf20583" testName="CalculatorConstructorTest" computerName="LTOCC02" duration="00:00:00.0002996" startTime="2012-06-21T09:56:12.6767011+02:00" endTime="2012-06-21T09:56:12.6797011+02:00" testType="13cdc9d9-ddb5-4fa4-a97d-d965ccfc6d4b" outcome="Passed" testListId="8c84fa94-04c1-424b-9868-57a2d4851a1d" relativeResultsDirectory="a869dd04-a0a9-49e9-b499-66fba4bd9b6d">
    </UnitTestResult>
    <UnitTestResult executionId="8ab9a82f-16ac-4259-a23d-1a6ca25bcad0" testId="93aeff83-719d-1073-3b95-44aefb56c5ce" testName="CalculatorAdditionTest" computerName="LTOCC02" duration="00:00:00.0003462" startTime="2012-06-21T09:56:12.6817011+02:00" endTime="2012-06-21T09:56:12.6847011+02:00" testType="13cdc9d9-ddb5-4fa4-a97d-d965ccfc6d4b" outcome="Passed" testListId="8c84fa94-04c1-424b-9868-57a2d4851a1d" relativeResultsDirectory="8ab9a82f-16ac-4259-a23d-1a6ca25bcad0">
    </UnitTestResult>
    <UnitTestResult executionId="4dd8872a-bfbf-47b0-9ed7-f617d50eb438" testId="f5f57668-1cfb-44c3-8a20-29d5bb10f004" testName="CalculatorSubtractionTest" computerName="LTOCC02" duration="00:00:00.0003325" startTime="2012-06-21T09:56:12.6867011+02:00" endTime="2012-06-21T09:56:12.6897011+02:00" testType="13cdc9d9-ddb5-4fa4-a97d-d965ccfc6d4b" outcome="Passed" testListId="8c84fa94-04c1-424b-9868-57a2d4851a1d" relativeResultsDirectory="4dd8872a-bfbf-47b0-9ed7-f617d50eb438">
    </UnitTestResult>
  </Results>
</TestRun>